{"/Users/pavel/Project/oop/src/index.js": {"path":"/Users/pavel/Project/oop/src/index.js","statementMap":{"0":{"start":{"line":5,"column":17},"end":{"line":5,"column":23}},"1":{"start":{"line":7,"column":17},"end":{"line":7,"column":37}},"2":{"start":{"line":8,"column":14},"end":{"line":8,"column":41}},"3":{"start":{"line":8,"column":22},"end":{"line":8,"column":40}},"4":{"start":{"line":9,"column":17},"end":{"line":9,"column":64}},"5":{"start":{"line":9,"column":29},"end":{"line":9,"column":64}},"6":{"start":{"line":13,"column":4},"end":{"line":13,"column":34}},"7":{"start":{"line":16,"column":4},"end":{"line":16,"column":39}},"8":{"start":{"line":19,"column":4},"end":{"line":19,"column":41}},"9":{"start":{"line":24,"column":4},"end":{"line":24,"column":34}},"10":{"start":{"line":27,"column":4},"end":{"line":27,"column":28}},"11":{"start":{"line":30,"column":4},"end":{"line":30,"column":28}},"12":{"start":{"line":33,"column":4},"end":{"line":33,"column":51}},"13":{"start":{"line":33,"column":26},"end":{"line":33,"column":49}},"14":{"start":{"line":39,"column":4},"end":{"line":45,"column":5}},"15":{"start":{"line":40,"column":48},"end":{"line":40,"column":55}},"16":{"start":{"line":41,"column":20},"end":{"line":41,"column":44}},"17":{"start":{"line":42,"column":6},"end":{"line":42,"column":66}},"18":{"start":{"line":44,"column":6},"end":{"line":44,"column":34}},"19":{"start":{"line":48,"column":19},"end":{"line":48,"column":31}},"20":{"start":{"line":49,"column":4},"end":{"line":51,"column":5}},"21":{"start":{"line":50,"column":6},"end":{"line":50,"column":34}},"22":{"start":{"line":52,"column":4},"end":{"line":52,"column":34}},"23":{"start":{"line":56,"column":19},"end":{"line":56,"column":35}},"24":{"start":{"line":57,"column":25},"end":{"line":57,"column":39}},"25":{"start":{"line":58,"column":4},"end":{"line":58,"column":33}},"26":{"start":{"line":59,"column":4},"end":{"line":59,"column":18}},"27":{"start":{"line":62,"column":16},"end":{"line":67,"column":5}},"28":{"start":{"line":63,"column":23},"end":{"line":63,"column":37}},"29":{"start":{"line":64,"column":20},"end":{"line":64,"column":31}},"30":{"start":{"line":65,"column":21},"end":{"line":65,"column":31}},"31":{"start":{"line":66,"column":23},"end":{"line":66,"column":27}},"32":{"start":{"line":68,"column":4},"end":{"line":68,"column":39}},"33":{"start":{"line":68,"column":21},"end":{"line":68,"column":39}}},"fnMap":{"0":{"name":"(anonymous_0)","decl":{"start":{"line":8,"column":14},"end":{"line":8,"column":15}},"loc":{"start":{"line":8,"column":22},"end":{"line":8,"column":40}},"line":8},"1":{"name":"(anonymous_1)","decl":{"start":{"line":9,"column":17},"end":{"line":9,"column":18}},"loc":{"start":{"line":9,"column":29},"end":{"line":9,"column":64}},"line":9},"2":{"name":"(anonymous_2)","decl":{"start":{"line":12,"column":2},"end":{"line":12,"column":3}},"loc":{"start":{"line":12,"column":16},"end":{"line":14,"column":3}},"line":12},"3":{"name":"(anonymous_3)","decl":{"start":{"line":15,"column":2},"end":{"line":15,"column":3}},"loc":{"start":{"line":15,"column":13},"end":{"line":17,"column":3}},"line":15},"4":{"name":"(anonymous_4)","decl":{"start":{"line":18,"column":2},"end":{"line":18,"column":3}},"loc":{"start":{"line":18,"column":16},"end":{"line":20,"column":3}},"line":18},"5":{"name":"(anonymous_5)","decl":{"start":{"line":23,"column":2},"end":{"line":23,"column":3}},"loc":{"start":{"line":23,"column":23},"end":{"line":25,"column":3}},"line":23},"6":{"name":"(anonymous_6)","decl":{"start":{"line":26,"column":2},"end":{"line":26,"column":3}},"loc":{"start":{"line":26,"column":10},"end":{"line":28,"column":3}},"line":26},"7":{"name":"(anonymous_7)","decl":{"start":{"line":29,"column":2},"end":{"line":29,"column":3}},"loc":{"start":{"line":29,"column":9},"end":{"line":31,"column":3}},"line":29},"8":{"name":"(anonymous_8)","decl":{"start":{"line":32,"column":2},"end":{"line":32,"column":3}},"loc":{"start":{"line":32,"column":18},"end":{"line":34,"column":3}},"line":32},"9":{"name":"(anonymous_9)","decl":{"start":{"line":33,"column":18},"end":{"line":33,"column":19}},"loc":{"start":{"line":33,"column":26},"end":{"line":33,"column":49}},"line":33},"10":{"name":"(anonymous_10)","decl":{"start":{"line":38,"column":2},"end":{"line":38,"column":3}},"loc":{"start":{"line":38,"column":31},"end":{"line":46,"column":3}},"line":38},"11":{"name":"(anonymous_11)","decl":{"start":{"line":47,"column":2},"end":{"line":47,"column":3}},"loc":{"start":{"line":47,"column":17},"end":{"line":54,"column":3}},"line":47},"12":{"name":"(anonymous_12)","decl":{"start":{"line":55,"column":2},"end":{"line":55,"column":3}},"loc":{"start":{"line":55,"column":23},"end":{"line":60,"column":3}},"line":55},"13":{"name":"(anonymous_13)","decl":{"start":{"line":61,"column":2},"end":{"line":61,"column":3}},"loc":{"start":{"line":61,"column":20},"end":{"line":69,"column":3}},"line":61},"14":{"name":"(anonymous_14)","decl":{"start":{"line":63,"column":15},"end":{"line":63,"column":16}},"loc":{"start":{"line":63,"column":23},"end":{"line":63,"column":37}},"line":63},"15":{"name":"(anonymous_15)","decl":{"start":{"line":64,"column":12},"end":{"line":64,"column":13}},"loc":{"start":{"line":64,"column":20},"end":{"line":64,"column":31}},"line":64},"16":{"name":"(anonymous_16)","decl":{"start":{"line":65,"column":13},"end":{"line":65,"column":14}},"loc":{"start":{"line":65,"column":21},"end":{"line":65,"column":31}},"line":65},"17":{"name":"(anonymous_17)","decl":{"start":{"line":66,"column":15},"end":{"line":66,"column":16}},"loc":{"start":{"line":66,"column":23},"end":{"line":66,"column":27}},"line":66},"18":{"name":"(anonymous_18)","decl":{"start":{"line":68,"column":11},"end":{"line":68,"column":12}},"loc":{"start":{"line":68,"column":21},"end":{"line":68,"column":39}},"line":68}},"branchMap":{"0":{"loc":{"start":{"line":38,"column":17},"end":{"line":38,"column":29}},"type":"default-arg","locations":[{"start":{"line":38,"column":27},"end":{"line":38,"column":29}}],"line":38},"1":{"loc":{"start":{"line":40,"column":27},"end":{"line":40,"column":44}},"type":"default-arg","locations":[{"start":{"line":40,"column":35},"end":{"line":40,"column":44}}],"line":40},"2":{"loc":{"start":{"line":49,"column":4},"end":{"line":51,"column":5}},"type":"if","locations":[{"start":{"line":49,"column":4},"end":{"line":51,"column":5}},{"start":{"line":49,"column":4},"end":{"line":51,"column":5}}],"line":49}},"s":{"0":1,"1":1,"2":1,"3":1,"4":1,"5":0,"6":1,"7":1,"8":0,"9":1,"10":0,"11":1,"12":1,"13":10,"14":1,"15":1,"16":1,"17":1,"18":0,"19":1,"20":1,"21":1,"22":0,"23":1,"24":1,"25":1,"26":1,"27":1,"28":0,"29":0,"30":0,"31":1,"32":1,"33":1},"f":{"0":1,"1":0,"2":1,"3":1,"4":0,"5":1,"6":0,"7":1,"8":1,"9":10,"10":1,"11":1,"12":1,"13":1,"14":0,"15":0,"16":0,"17":1,"18":1},"b":{"0":[0],"1":[1],"2":[1,0]},"_coverageSchema":"332fd63041d2c1bcb487cc26dd0d5f7d97098a6c","hash":"6b9326a67b1a33a2f402c205a741020945e82d63"}
}
