TN:
SF:/Users/pavel/Project/oop/src/index.js
FN:8,(anonymous_0)
FN:9,(anonymous_1)
FN:12,(anonymous_2)
FN:15,(anonymous_3)
FN:18,(anonymous_4)
FN:23,(anonymous_5)
FN:26,(anonymous_6)
FN:29,(anonymous_7)
FN:32,(anonymous_8)
FN:33,(anonymous_9)
FN:38,(anonymous_10)
FN:47,(anonymous_11)
FN:55,(anonymous_12)
FN:61,(anonymous_13)
FN:63,(anonymous_14)
FN:64,(anonymous_15)
FN:65,(anonymous_16)
FN:66,(anonymous_17)
FN:68,(anonymous_18)
FNF:19
FNH:13
FNDA:1,(anonymous_0)
FNDA:0,(anonymous_1)
FNDA:1,(anonymous_2)
FNDA:1,(anonymous_3)
FNDA:0,(anonymous_4)
FNDA:1,(anonymous_5)
FNDA:0,(anonymous_6)
FNDA:1,(anonymous_7)
FNDA:1,(anonymous_8)
FNDA:10,(anonymous_9)
FNDA:1,(anonymous_10)
FNDA:1,(anonymous_11)
FNDA:1,(anonymous_12)
FNDA:1,(anonymous_13)
FNDA:0,(anonymous_14)
FNDA:0,(anonymous_15)
FNDA:0,(anonymous_16)
FNDA:1,(anonymous_17)
FNDA:1,(anonymous_18)
DA:5,1
DA:7,1
DA:8,1
DA:9,1
DA:13,1
DA:16,1
DA:19,0
DA:24,1
DA:27,0
DA:30,1
DA:33,10
DA:39,1
DA:40,1
DA:41,1
DA:42,1
DA:44,0
DA:48,1
DA:49,1
DA:50,1
DA:52,0
DA:56,1
DA:57,1
DA:58,1
DA:59,1
DA:62,1
DA:63,0
DA:64,0
DA:65,0
DA:66,1
DA:68,1
LF:30
LH:23
BRDA:38,0,0,0
BRDA:40,1,0,1
BRDA:49,2,0,1
BRDA:49,2,1,0
BRF:4
BRH:2
end_of_record
